Added Component: Designator=C21(0805)
Added Component: Designator=C22(0805)
Added Component: Designator=D31(SMC/DO-214AB)
Added Component: Designator=J1(DC12V)
Added Component: Designator=J11(MOTOR-W)
Added Component: Designator=J20(SIP7)
Added Component: Designator=J21(SIP5)
Added Component: Designator=J22(SIP3)
Added Component: Designator=J30(SIP7)
Added Component: Designator=J31(SIP5)
Added Component: Designator=J32(SIP3)
Added Component: Designator=L31(4040电感)
Added Component: Designator=R11(PZ-4)
Added Component: Designator=R31(0805)
Added Component: Designator=R32(0805)
Added Component: Designator=R33(0805)
Added Component: Designator=U2(MP04A_M)
Added Component: Designator=U3(SOP8_M)
Added Component: Designator=U11(TO263-7-1)
Added Component: Designator=U12(TO263-7-1)
Added Component: Designator=拨动开关(5A120V开关)
Added Pin To Net: NetName=VIN Pin=C21-1
Added Pin To Net: NetName=GND Pin=C21-2
Added Pin To Net: NetName=GND Pin=C22-2
Added Pin To Net: NetName=GND Pin=D31-1
Added Pin To Net: NetName=NetD31_2 Pin=D31-2
Added Pin To Net: NetName=BAT Pin=J1-1
Added Pin To Net: NetName=GND Pin=J1-2
Added Pin To Net: NetName=M1A Pin=J11-1
Added Pin To Net: NetName=M1B Pin=J11-2
Added Pin To Net: NetName=GND Pin=J20-1
Added Pin To Net: NetName=GND Pin=J20-2
Added Pin To Net: NetName=GND Pin=J20-3
Added Pin To Net: NetName=GND Pin=J20-4
Added Pin To Net: NetName=GND Pin=J20-5
Added Pin To Net: NetName=GND Pin=J20-6
Added Pin To Net: NetName=GND Pin=J20-7
Added Pin To Net: NetName=GND Pin=J21-1
Added Pin To Net: NetName=GND Pin=J21-2
Added Pin To Net: NetName=GND Pin=J21-3
Added Pin To Net: NetName=GND Pin=J21-4
Added Pin To Net: NetName=GND Pin=J21-5
Added Pin To Net: NetName=GND Pin=J22-1
Added Pin To Net: NetName=GND Pin=J22-2
Added Pin To Net: NetName=PWM1 Pin=J22-3
Added Pin To Net: NetName=VCC Pin=J30-1
Added Pin To Net: NetName=VCC Pin=J30-2
Added Pin To Net: NetName=VCC Pin=J30-3
Added Pin To Net: NetName=VCC Pin=J30-4
Added Pin To Net: NetName=VCC Pin=J30-5
Added Pin To Net: NetName=VCC Pin=J30-6
Added Pin To Net: NetName=VCC Pin=J30-7
Added Pin To Net: NetName=VIN Pin=J32-1
Added Pin To Net: NetName=VIN Pin=J32-2
Added Pin To Net: NetName=PWM2 Pin=J32-3
Added Pin To Net: NetName=NetD31_2 Pin=L31-1
Added Pin To Net: NetName=VCC Pin=L31-2
Added Pin To Net: NetName=VCC Pin=R11-1
Added Pin To Net: NetName=PWM2 Pin=R11-2
Added Pin To Net: NetName=VCC Pin=R11-3
Added Pin To Net: NetName=PWM1 Pin=R11-4
Added Pin To Net: NetName=NetR11_5 Pin=R11-5
Added Pin To Net: NetName=NetR11_6 Pin=R11-6
Added Pin To Net: NetName=NetR11_7 Pin=R11-7
Added Pin To Net: NetName=NetR11_8 Pin=R11-8
Added Pin To Net: NetName=NetR31_1 Pin=R31-1
Added Pin To Net: NetName=VCC Pin=R31-2
Added Pin To Net: NetName=GND Pin=R32-1
Added Pin To Net: NetName=NetR31_1 Pin=R32-2
Added Pin To Net: NetName=NetR33_1 Pin=R33-1
Added Pin To Net: NetName=VIN Pin=R33-2
Added Pin To Net: NetName=GND Pin=U2-1
Added Pin To Net: NetName=VIN Pin=U2-3
Added Pin To Net: NetName=NetR31_1 Pin=U3-1
Added Pin To Net: NetName=VIN Pin=U3-2
Added Pin To Net: NetName=NetR33_1 Pin=U3-3
Added Pin To Net: NetName=VIN Pin=U3-4
Added Pin To Net: NetName=NetD31_2 Pin=U3-5
Added Pin To Net: NetName=NetD31_2 Pin=U3-6
Added Pin To Net: NetName=GND Pin=U3-7
Added Pin To Net: NetName=GND Pin=U3-8
Added Pin To Net: NetName=GND Pin=U11-1
Added Pin To Net: NetName=NetR11_5 Pin=U11-2
Added Pin To Net: NetName=NetR11_6 Pin=U11-3
Added Pin To Net: NetName=M1A Pin=U11-4
Added Pin To Net: NetName=M1A Pin=U11-4
Added Pin To Net: NetName=GND Pin=U11-5
Added Pin To Net: NetName=VIN Pin=U11-7
Added Pin To Net: NetName=GND Pin=U12-1
Added Pin To Net: NetName=NetR11_7 Pin=U12-2
Added Pin To Net: NetName=NetR11_8 Pin=U12-3
Added Pin To Net: NetName=M1B Pin=U12-4
Added Pin To Net: NetName=M1B Pin=U12-4
Added Pin To Net: NetName=GND Pin=U12-5
Added Pin To Net: NetName=VIN Pin=U12-7
Added Pin To Net: NetName=BAT Pin=拨动开关-1
Added Pin To Net: NetName=VIN Pin=拨动开关-2
Added Pin To Net: NetName=VDD Pin=C22-1
Added Pin To Net: NetName=VDD Pin=J31-1
Added Pin To Net: NetName=VDD Pin=J31-2
Added Pin To Net: NetName=VDD Pin=J31-3
Added Pin To Net: NetName=VDD Pin=J31-4
Added Pin To Net: NetName=VDD Pin=J31-5
Added Pin To Net: NetName=VDD Pin=U2-2
Added Net: Name=VDD
Added Class: Name=YQYtest
Added Room: Name=YQYtest
